This is pdfTeX, Version 3.14159265-2.6-1.40.20 (TeX Live 2019/Debian) (preloaded format=pdflatex 2021.3.11)  1 APR 2021 02:33
entering extended mode
 restricted \write18 enabled.
 %&-line parsing enabled.
**CSPProject.tex
(./CSPProject.tex
LaTeX2e <2020-02-02> patch level 2
L3 programming layer <2020-02-14>
(/usr/share/texlive/texmf-dist/tex/latex/base/article.cls
Document Class: article 2019/12/20 v1.4l Standard LaTeX document class
(/usr/share/texlive/texmf-dist/tex/latex/base/size10.clo
File: size10.clo 2019/12/20 v1.4l Standard LaTeX file (size option)
)
\c@part=\count167
\c@section=\count168
\c@subsection=\count169
\c@subsubsection=\count170
\c@paragraph=\count171
\c@subparagraph=\count172
\c@figure=\count173
\c@table=\count174
\abovecaptionskip=\skip47
\belowcaptionskip=\skip48
\bibindent=\dimen134
)
(/usr/share/texlive/texmf-dist/tex/latex/graphics/graphicx.sty
Package: graphicx 2019/11/30 v1.2a Enhanced LaTeX Graphics (DPC,SPQR)

(/usr/share/texlive/texmf-dist/tex/latex/graphics/keyval.sty
Package: keyval 2014/10/28 v1.15 key=value parser (DPC)
\KV@toks@=\toks14
)
(/usr/share/texlive/texmf-dist/tex/latex/graphics/graphics.sty
Package: graphics 2019/11/30 v1.4a Standard LaTeX Graphics (DPC,SPQR)

(/usr/share/texlive/texmf-dist/tex/latex/graphics/trig.sty
Package: trig 2016/01/03 v1.10 sin cos tan (DPC)
)
(/usr/share/texlive/texmf-dist/tex/latex/graphics-cfg/graphics.cfg
File: graphics.cfg 2016/06/04 v1.11 sample graphics configuration
)
Package graphics Info: Driver file: pdftex.def on input line 105.

(/usr/share/texlive/texmf-dist/tex/latex/graphics-def/pdftex.def
File: pdftex.def 2018/01/08 v1.0l Graphics/color driver for pdftex
))
\Gin@req@height=\dimen135
\Gin@req@width=\dimen136
)
(/usr/share/texlive/texmf-dist/tex/latex/l3backend/l3backend-pdfmode.def
File: l3backend-pdfmode.def 2020-02-03 L3 backend support: PDF mode
\l__kernel_color_stack_int=\count175
\l__pdf_internal_box=\box45
)
(./CSPProject.aux)
\openout1 = `CSPProject.aux'.

LaTeX Font Info:    Checking defaults for OML/cmm/m/it on input line 6.
LaTeX Font Info:    ... okay on input line 6.
LaTeX Font Info:    Checking defaults for OMS/cmsy/m/n on input line 6.
LaTeX Font Info:    ... okay on input line 6.
LaTeX Font Info:    Checking defaults for OT1/cmr/m/n on input line 6.
LaTeX Font Info:    ... okay on input line 6.
LaTeX Font Info:    Checking defaults for T1/cmr/m/n on input line 6.
LaTeX Font Info:    ... okay on input line 6.
LaTeX Font Info:    Checking defaults for TS1/cmr/m/n on input line 6.
LaTeX Font Info:    ... okay on input line 6.
LaTeX Font Info:    Checking defaults for OMX/cmex/m/n on input line 6.
LaTeX Font Info:    ... okay on input line 6.
LaTeX Font Info:    Checking defaults for U/cmr/m/n on input line 6.
LaTeX Font Info:    ... okay on input line 6.

(/usr/share/texlive/texmf-dist/tex/context/base/mkii/supp-pdf.mkii
[Loading MPS to PDF converter (version 2006.09.02).]
\scratchcounter=\count176
\scratchdimen=\dimen137
\scratchbox=\box46
\nofMPsegments=\count177
\nofMParguments=\count178
\everyMPshowfont=\toks15
\MPscratchCnt=\count179
\MPscratchDim=\dimen138
\MPnumerator=\count180
\makeMPintoPDFobject=\count181
\everyMPtoPDFconversion=\toks16
) (/usr/share/texlive/texmf-dist/tex/latex/epstopdf-pkg/epstopdf-base.sty
Package: epstopdf-base 2020-01-24 v2.11 Base part for package epstopdf
Package epstopdf-base Info: Redefining graphics rule for `.eps' on input line 4
85.

(/usr/share/texlive/texmf-dist/tex/latex/latexconfig/epstopdf-sys.cfg
File: epstopdf-sys.cfg 2010/07/13 v1.3 Configuration of (r)epstopdf for TeX Liv
e
))
LaTeX Font Info:    External font `cmex10' loaded for size
(Font)              <12> on input line 7.
LaTeX Font Info:    External font `cmex10' loaded for size
(Font)              <8> on input line 7.
LaTeX Font Info:    External font `cmex10' loaded for size
(Font)              <6> on input line 7.

(./AbsandIntr.tex
<EllipseTest2.png, id=1, 462.528pt x 346.896pt>
File: EllipseTest2.png Graphic file (type png)
<use EllipseTest2.png>
Package pdftex.def Info: EllipseTest2.png  used on input line 20.
(pdftex.def)             Requested size: 370.02289pt x 277.51717pt.

Overfull \hbox (25.02289pt too wide) in paragraph at lines 20--22
[][]
 []

) (./Procedures.tex
LaTeX Font Info:    External font `cmex10' loaded for size
(Font)              <7> on input line 5.
LaTeX Font Info:    External font `cmex10' loaded for size
(Font)              <5> on input line 5.
 [1

{/var/lib/texmf/fonts/map/pdftex/updmap/pdftex.map}]
[2 <./EllipseTest2.png>] [3]) (./Data.tex
<DistancePlot.png, id=25, 462.528pt x 346.896pt>
File: DistancePlot.png Graphic file (type png)
<use DistancePlot.png>
Package pdftex.def Info: DistancePlot.png  used on input line 20.
(pdftex.def)             Requested size: 370.02289pt x 277.51717pt.

Overfull \hbox (25.02289pt too wide) in paragraph at lines 20--22
[][]
 []

<VelocityPlot.png, id=26, 462.528pt x 346.896pt>
File: VelocityPlot.png Graphic file (type png)
<use VelocityPlot.png>
Package pdftex.def Info: VelocityPlot.png  used on input line 26.
(pdftex.def)             Requested size: 370.02289pt x 277.51717pt.

Overfull \hbox (25.02289pt too wide) in paragraph at lines 26--28
[][]
 []

<DistancePlot2.png, id=27, 462.528pt x 346.896pt>
File: DistancePlot2.png Graphic file (type png)
<use DistancePlot2.png>
Package pdftex.def Info: DistancePlot2.png  used on input line 38.
(pdftex.def)             Requested size: 370.02289pt x 277.51717pt.

Overfull \hbox (25.02289pt too wide) in paragraph at lines 38--40
[][]
 []

[4] [5 <./DistancePlot.png>] [6 <./VelocityPlot.png>] [7 <./DistancePlot2.png>]
<VelocityError.png, id=44, 462.528pt x 346.896pt>
File: VelocityError.png Graphic file (type png)
<use VelocityError.png>
Package pdftex.def Info: VelocityError.png  used on input line 55.
(pdftex.def)             Requested size: 370.02289pt x 277.51717pt.

Overfull \hbox (25.02289pt too wide) in paragraph at lines 55--57
[][]
 []

) [8 <./VelocityError.png>]
Underfull \hbox (badness 1924) in paragraph at lines 24--26
\OT1/cmr/m/n/10 sity, 2016,http://hyperphysics.phy-astr.gsu.edu/hbase/hph.html.
 Ac-cessed
 []


Underfull \hbox (badness 10000) in paragraph at lines 26--27
[]\OT1/cmr/m/n/10 INOVA. So-lar Sys-tem Scope. IN-OVA, 2010,
 []

[9] (./CSPProject.aux) ) 
Here is how much of TeX's memory you used:
 1217 strings out of 483183
 17831 string characters out of 5966292
 247733 words of memory out of 5000000
 16259 multiletter control sequences out of 15000+600000
 536593 words of font info for 38 fonts, out of 8000000 for 9000
 14 hyphenation exceptions out of 8191
 30i,7n,25p,558b,210s stack positions out of 5000i,500n,10000p,200000b,80000s
</usr/share/texlive/texmf-dist/fonts/type1/public/amsfo
nts/cm/cmbx10.pfb></usr/share/texlive/texmf-dist/fonts/type1/public/amsfonts/cm
/cmbx12.pfb></usr/share/texlive/texmf-dist/fonts/type1/public/amsfonts/cm/cmex1
0.pfb></usr/share/texlive/texmf-dist/fonts/type1/public/amsfonts/cm/cmmi10.pfb>
</usr/share/texlive/texmf-dist/fonts/type1/public/amsfonts/cm/cmmi7.pfb></usr/s
hare/texlive/texmf-dist/fonts/type1/public/amsfonts/cm/cmr10.pfb></usr/share/te
xlive/texmf-dist/fonts/type1/public/amsfonts/cm/cmr12.pfb></usr/share/texlive/t
exmf-dist/fonts/type1/public/amsfonts/cm/cmr17.pfb></usr/share/texlive/texmf-di
st/fonts/type1/public/amsfonts/cm/cmr7.pfb></usr/share/texlive/texmf-dist/fonts
/type1/public/amsfonts/cm/cmsy10.pfb>
Output written on CSPProject.pdf (9 pages, 236169 bytes).
PDF statistics:
 85 PDF objects out of 1000 (max. 8388607)
 53 compressed objects within 1 object stream
 0 named destinations out of 1000 (max. 500000)
 26 words of extra memory for PDF output out of 10000 (max. 10000000)

